; pc = 0 ; ADD %r29 %r0 0 ; 
; pc = 1 ; ADD %r31 %r0 25000 ; 
; pc = 2 ; SLL %r31 %r31 5 ; 
; pc = 3 ; SUB %r29 %r29 1 ; "l.288.glb" 
; pc = 4 ; SUB %r29 %r29 1 ; "l.10158"
; pc = 5 ; ADD %r1 %r0 8192 ; 
; pc = 6 ; SLL %r1 %r1 15 ; 
; pc = 7 ; ADD %r1 %r1 0 ; 
; pc = 8 ; SLL %r1 %r1 2 ; 
; pc = 9 ; ADD %r1 %r1 0 ; 
; pc = 10 ; STORE+ %r1 %r29 0 ; 
; pc = 11 ; SUB %r29 %r29 1 ; "l.10157" 
; pc = 12 ; ADD %r1 %r0 8000 ; 
; pc = 13 ; SLL %r1 %r1 15 ; 
; pc = 14 ; ADD %r1 %r1 0 ; 
; pc = 15 ; SLL %r1 %r1 2 ; 
; pc = 16 ; ADD %r1 %r1 0 ; 
; pc = 17 ; STORE+ %r1 %r29 0 ; 
; pc = 18 ; SUB %r29 %r29 1 ; "l.10156" 
; pc = 19 ; ADD %r1 %r0 7936 ; 
; pc = 20 ; SLL %r1 %r1 15 ; 
; pc = 21 ; ADD %r1 %r1 0 ; 
; pc = 22 ; SLL %r1 %r1 2 ; 
; pc = 23 ; ADD %r1 %r1 0 ; 
; pc = 24 ; STORE+ %r1 %r29 0 ; 
; pc = 25 ; SUB %r29 %r29 1 ; "l.10155" 
; pc = 26 ; ADD %r1 %r0 8320 ; 
; pc = 27 ; SLL %r1 %r1 15 ; 
; pc = 28 ; ADD %r1 %r1 0 ; 
; pc = 29 ; SLL %r1 %r1 2 ; 
; pc = 30 ; ADD %r1 %r1 0 ; 
; pc = 31 ; STORE+ %r1 %r29 0 ; 
; pc = 32 ; SUB %r29 %r29 1 ; "l.10154" 
; pc = 33 ; ADD %r1 %r0 23232 ; 
; pc = 34 ; SLL %r1 %r1 15 ; 
; pc = 35 ; ADD %r1 %r1 0 ; 
; pc = 36 ; SLL %r1 %r1 2 ; 
; pc = 37 ; ADD %r1 %r1 0 ; 
; pc = 38 ; STORE+ %r1 %r29 0 ; 
; pc = 39 ; SUB %r29 %r29 1 ; "l.10153" 
; pc = 40 ; ADD %r1 %r0 6848 ; 
; pc = 41 ; SLL %r1 %r1 15 ; 
; pc = 42 ; ADD %r1 %r1 0 ; 
; pc = 43 ; SLL %r1 %r1 2 ; 
; pc = 44 ; ADD %r1 %r1 0 ; 
; pc = 45 ; STORE+ %r1 %r29 0 ; 
; pc = 46 ; SUB %r29 %r29 1 ; "l.10152" 
; pc = 47 ; ADD %r1 %r0 8128 ; 
; pc = 48 ; SLL %r1 %r1 15 ; 
; pc = 49 ; ADD %r1 %r1 0 ; 
; pc = 50 ; SLL %r1 %r1 2 ; 
; pc = 51 ; ADD %r1 %r1 0 ; 
; pc = 52 ; STORE+ %r1 %r29 0 ; 
; pc = 53 ; ADD %r1 %r0 17024 ;
; pc = 54 ; SLL %r1 %r1 16 ;
; pc = 55 ; STORE+ %r1 %r0 1;
; pc = 56 ; NOP ;
; pc = 57 ; NOP ; 
; pc = 58 ; NOP ; 
; pc = 59 ; NOP ; 
; pc = 60 ; FLOAD+ %f2 %r0 1;
; pc = 61 ; CALL finv_sub3.2828 ; 
; pc = 62 ; JMP halt ; "halt"
; pc = 63 ; FLOAD- %f1 %r0 l.10156 ; "finv_sub3.2828" 
; pc = 64 ; FBLT %f1 %f2 lt_then.12845 ; 
; pc = 65 ; FLOAD- %f1 %r0 l.10155 ; 
; pc = 66 ; FMUL %f1 %f2 %f1 ; 
; pc = 67 ; FLOAD- %f2 %r0 l.10155 ; 
; pc = 68 ; FMUL %f2 %f3 %f2 ; 
; pc = 69 ; FLOAD- %f3 %r0 l.10156 ; 
; pc = 70 ; FBLT %f3 %f1 lt_then.12846 ; 
; pc = 71 ; FLOAD- %f3 %r0 l.10155 ; 
; pc = 72 ; FMUL %f1 %f1 %f3 ; 
; pc = 73 ; FLOAD- %f3 %r0 l.10155 ; 
; pc = 74 ; FMUL %f3 %f2 %f3 ; 
; pc = 75 ; FADD %f2 %f0 %f1 ; 
; pc = 76 ; JMP finv_sub3.2828 ; 
; pc = 77 ; FSTORE+ %f2 %r31 0 ; "lt_then.12846" 
; pc = 78 ; FLOAD- %f2 %r0 l.10158 ; 
; pc = 79 ; ADD %r2 %r0 0 ; 
; pc = 80 ; FADD %f3 %f0 %f1 ; 
; pc = 81 ; ADD %r31 %r31 3 ; 
; pc = 82 ; CALL finv_sub.2821 ; 
; pc = 83 ; SUB %r31 %r31 3 ; 
; pc = 84 ; FLOAD+ %f2 %r31 0 ; 
; pc = 85 ; FMUL %f1 %f2 %f1 ; 
; pc = 86 ; RETURN ; 
; pc = 87 ; FSTORE+ %f3 %r31 2 ; "lt_then.12845" 
; pc = 88 ; FLOAD- %f1 %r0 l.10158 ; 
; pc = 89 ; ADD %r2 %r0 0 ; 
; pc = 90 ; FADD %f3 %f0 %f2 ; 
; pc = 91 ; FADD %f2 %f0 %f1 ; 
; pc = 92 ; ADD %r31 %r31 5 ; 
; pc = 93 ; CALL finv_sub.2821 ; 
; pc = 94 ; SUB %r31 %r31 5 ; 
; pc = 95 ; FLOAD+ %f2 %r31 2 ; 
; pc = 96 ; FMUL %f1 %f2 %f1 ; 
; pc = 97 ; RETURN ; 
; pc = 98 ; SUB %r30 %r2 10 ; "finv_sub.2821" 
; pc = 99 ; BLT %r30 %r0 lt_then.12778 ; 
; pc = 100 ; FADD %f1 %f0 %f3 ; 
; pc = 101 ; RETURN ; 
; pc = 102 ; FLOAD- %f1 %r0 l.10152 ; "lt_then.12778" 
; pc = 103 ; FMUL %f4 %f2 %f3 ; 
; pc = 104 ; FSUB %f1 %f1 %f4 ; 
; pc = 105 ; FMUL %f4 %f1 %f1 ; 
; pc = 106 ; FLOAD- %f5 %r0 l.10153 ; 
; pc = 107 ; FBLT %f5 %f1 lt_then.12779 ; 
; pc = 108 ; FLOAD- %f5 %r0 l.10154 ; 
; pc = 109 ; FBLT %f1 %f5 lt_then.12780 ; 
; pc = 110 ; FADD %f1 %f0 %f2 ; 
; pc = 111 ; RETURN ; 
; pc = 112 ; FLOAD- %f5 %r0 l.10152 ; "lt_then.12780" 
; pc = 113 ; FLOAD- %f6 %r0 l.10152 ; 
; pc = 114 ; FADD %f6 %f6 %f4 ; 
; pc = 115 ; FADD %f1 %f1 %f4 ; 
; pc = 116 ; FMUL %f1 %f6 %f1 ; 
; pc = 117 ; FADD %f1 %f5 %f1 ; 
; pc = 118 ; FMUL %f2 %f2 %f1 ; 
; pc = 119 ; ADD %r2 %r2 1 ; 
; pc = 120 ; JMP finv_sub.2821 ; 
; pc = 121 ; FLOAD- %f5 %r0 l.10152 ; "lt_then.12779" 
; pc = 122 ; FLOAD- %f6 %r0 l.10152 ; 
; pc = 123 ; FADD %f6 %f6 %f4 ; 
; pc = 124 ; FADD %f1 %f1 %f4 ; 
; pc = 125 ; FMUL %f1 %f6 %f1 ; 
; pc = 126 ; FADD %f1 %f5 %f1 ; 
; pc = 127 ; FMUL %f2 %f2 %f1 ; 
; pc = 128 ; ADD %r2 %r2 1 ; 
; pc = 129 ; JMP finv_sub.2821 ; 

; "l.288.glb" = 3
; "l.10158" = 2
; "l.10157" = 3
; "l.10156" = 4
; "l.10155" = 5
; "l.10154" = 6
; "l.10153" = 7
; "l.10152" = 8
; "halt" = 62
; "finv_sub3.2828" = 63
; "lt_then.12846" = 77
; "lt_then.12845" = 87
; "finv_sub.2821" = 98
; "lt_then.12778" = 102
; "lt_then.12780" = 112
; "lt_then.12779" = 121
